<?xml version="1.0" encoding="UTF-8"?>
<!-- Generated by org.testng.reporters.JUnitReportReporter -->
<testsuite hostname="DESKTOP-73G0TGN" failures="0" tests="1" name="basic.JavaSelenium" time="64.092" errors="0" timestamp="2023-08-28T08:31:15 IST" skipped="0">
  <testcase classname="basic.JavaSelenium" name="lauch" time="64.092"/>
</testsuite> <!-- basic.JavaSelenium -->
