<?xml version="1.0" encoding="UTF-8"?>
<!-- Generated by org.testng.reporters.JUnitReportReporter -->
<testsuite hostname="DESKTOP-73G0TGN" failures="0" tests="6" name="testgroup.IncludeAndExclude" time="0.063" errors="0" timestamp="2023-08-29T21:21:50 IST" skipped="0">
  <testcase classname="testgroup.IncludeAndExclude" name="testCaseFour" time="0.007"/>
  <testcase classname="testgroup.IncludeAndExclude" name="testCaseFive" time="0.036"/>
  <testcase classname="testgroup.IncludeAndExclude" name="testCaseSix" time="0.004"/>
  <testcase classname="testgroup.IncludeAndExclude" name="testCaseTwo" time="0.002"/>
  <testcase classname="testgroup.IncludeAndExclude" name="testCaseThree" time="0.005"/>
  <testcase classname="testgroup.IncludeAndExclude" name="testCaseOne" time="0.009"/>
</testsuite> <!-- testgroup.IncludeAndExclude -->
