<?xml version="1.0" encoding="UTF-8"?>
<!-- Generated by org.testng.reporters.JUnitReportReporter -->
<testsuite hostname="DESKTOP-73G0TGN" failures="0" tests="5" name="testng.EnableAndDisable" time="0.017" errors="0" timestamp="2023-08-25T21:44:14 IST" skipped="3">
  <testcase classname="testng.EnableAndDisable" name="testCaseOne" time="0.014"/>
  <testcase classname="testng.EnableAndDisable" name="testCaseTwo" time="0.003"/>
  <testcase classname="testng.EnableAndDisable" name="regressionn">
    <skipped/>
  </testcase> <!-- regressionn -->
  <testcase classname="testng.EnableAndDisable" name="loginTestCase">
    <skipped/>
  </testcase> <!-- loginTestCase -->
  <testcase classname="testng.EnableAndDisable" name="regression">
    <skipped/>
  </testcase> <!-- regression -->
</testsuite> <!-- testng.EnableAndDisable -->
