<?xml version="1.0" encoding="UTF-8"?>
<!-- Generated by org.testng.reporters.JUnitReportReporter -->
<testsuite hostname="DESKTOP-73G0TGN" failures="0" tests="1" name="parameter.ChromeFirefoxBrowser" time="173.948" errors="0" timestamp="2023-08-31T18:47:21 IST" skipped="0">
  <testcase classname="parameter.ChromeFirefoxBrowser" name="browserLaunch" time="173.948"/>
</testsuite> <!-- parameter.ChromeFirefoxBrowser -->
