<?xml version="1.0" encoding="UTF-8"?>
<!-- Generated by org.testng.reporters.JUnitReportReporter -->
<testsuite hostname="DESKTOP-73G0TGN" failures="0" tests="1" name="screenshot.CapturedScreenShot" time="47.409" errors="0" timestamp="2023-09-05T19:39:46 IST" skipped="0">
  <testcase classname="screenshot.CapturedScreenShot" name="browserLaunch" time="47.409"/>
</testsuite> <!-- screenshot.CapturedScreenShot -->
