<?xml version="1.0" encoding="UTF-8"?>
<!-- Generated by org.testng.reporters.JUnitReportReporter -->
<testsuite hostname="DESKTOP-73G0TGN" failures="0" tests="2" name="annotation.BeforeTestAnnotation" time="0.050" errors="0" timestamp="2023-09-04T19:21:57 IST" skipped="0">
  <testcase classname="annotation.BeforeTestAnnotation" name="login" time="0.027"/>
  <testcase classname="annotation.BeforeTestAnnotation" name="home" time="0.023"/>
</testsuite> <!-- annotation.BeforeTestAnnotation -->
