<?xml version="1.0" encoding="UTF-8"?>
<!-- Generated by org.testng.reporters.JUnitReportReporter -->
<testsuite hostname="DESKTOP-73G0TGN" failures="0" tests="2" name="testng.Annotations" time="0.035" errors="0" timestamp="2023-08-24T21:16:41 IST" skipped="0">
  <testcase classname="testng.Annotations" name="testCase2" time="0.013"/>
  <testcase classname="testng.Annotations" name="testCase" time="0.022"/>
</testsuite> <!-- testng.Annotations -->
