<?xml version="1.0" encoding="UTF-8"?>
<!-- Generated by org.testng.reporters.JUnitReportReporter -->
<testsuite hostname="DESKTOP-73G0TGN" failures="0" tests="1" name="parameter.FireFoxBrowserLaunch" time="117.925" errors="0" timestamp="2023-08-31T18:35:55 IST" skipped="0">
  <testcase classname="parameter.FireFoxBrowserLaunch" name="browserLaunch" time="117.925"/>
</testsuite> <!-- parameter.FireFoxBrowserLaunch -->
