<?xml version="1.0" encoding="UTF-8"?>
<!-- Generated by org.testng.reporters.JUnitReportReporter -->
<testsuite hostname="DESKTOP-73G0TGN" failures="0" tests="1" name="para.ParallelTestTwo" time="33.939" errors="0" timestamp="2023-08-29T21:49:07 IST" skipped="0">
  <testcase classname="para.ParallelTestTwo" name="testcase" time="33.939"/>
</testsuite> <!-- para.ParallelTestTwo -->
