<?xml version="1.0" encoding="UTF-8"?>
<!-- Generated by org.testng.reporters.JUnitReportReporter -->
<testsuite hostname="DESKTOP-73G0TGN" failures="0" tests="1" name="testng.SeleniumTextNG" time="25.598" errors="0" timestamp="2023-08-24T21:05:18 IST" skipped="0">
  <testcase classname="testng.SeleniumTextNG" name="browserLaunch" time="25.598"/>
</testsuite> <!-- testng.SeleniumTextNG -->
