<?xml version="1.0" encoding="UTF-8"?>
<!-- Generated by org.testng.reporters.JUnitReportReporter -->
<testsuite hostname="DESKTOP-73G0TGN" failures="0" tests="1" name="basic.JavaSelenium" time="45.069" errors="0" timestamp="2023-08-24T19:55:46 IST" skipped="0">
  <testcase classname="basic.JavaSelenium" name="lauch" time="45.069"/>
</testsuite> <!-- basic.JavaSelenium -->
