<?xml version="1.0" encoding="UTF-8"?>
<!-- Generated by org.testng.reporters.JUnitReportReporter -->
<testsuite hostname="DESKTOP-73G0TGN" failures="0" tests="2" name="annotation.BeforeClassAnnotation" time="0.027" errors="0" timestamp="2023-09-04T19:21:36 IST" skipped="0">
  <testcase classname="annotation.BeforeClassAnnotation" name="checkBalence" time="0.019"/>
  <testcase classname="annotation.BeforeClassAnnotation" name="updateprofile" time="0.008"/>
</testsuite> <!-- annotation.BeforeClassAnnotation -->
