<?xml version="1.0" encoding="UTF-8"?>
<!-- Generated by org.testng.reporters.JUnitReportReporter -->
<testsuite hostname="DESKTOP-73G0TGN" failures="0" tests="3" name="testng.Priority" time="0.044" errors="0" timestamp="2023-08-24T21:47:59 IST" skipped="0">
  <testcase classname="testng.Priority" name="productPage" time="0.033"/>
  <testcase classname="testng.Priority" name="login" time="0.007"/>
  <testcase classname="testng.Priority" name="homePage" time="0.004"/>
</testsuite> <!-- testng.Priority -->
