<?xml version="1.0" encoding="UTF-8"?>
<!-- Generated by org.testng.reporters.JUnitReportReporter -->
<testsuite hostname="DESKTOP-73G0TGN" failures="0" tests="3" name="testng.Priority" time="0.023" errors="0" timestamp="2023-08-25T21:55:12 IST" skipped="0">
  <testcase classname="testng.Priority" name="login" time="0.014"/>
  <testcase classname="testng.Priority" name="homePage" time="0.004"/>
  <testcase classname="testng.Priority" name="productPage" time="0.005"/>
</testsuite> <!-- testng.Priority -->
