<?xml version="1.0" encoding="UTF-8"?>
<!-- Generated by org.testng.reporters.JUnitReportReporter -->
<testsuite hostname="DESKTOP-73G0TGN" failures="0" tests="2" name="dataProvider.DataProviderParametrization" time="0.040" errors="0" timestamp="2023-08-31T19:11:39 IST" skipped="0">
  <testcase classname="dataProvider.DataProviderParametrization" name="testCase" time="0.010"/>
  <testcase classname="dataProvider.DataProviderParametrization" name="testCase" time="0.030"/>
</testsuite> <!-- dataProvider.DataProviderParametrization -->
