<?xml version="1.0" encoding="UTF-8"?>
<!-- Generated by org.testng.reporters.JUnitReportReporter -->
<testsuite hostname="DESKTOP-73G0TGN" failures="0" tests="1" name="parameter.Parametrization" time="106.107" errors="0" timestamp="2023-08-31T18:54:47 IST" skipped="0">
  <testcase classname="parameter.Parametrization" name="browserLaunch" time="106.107"/>
</testsuite> <!-- parameter.Parametrization -->
