<?xml version="1.0" encoding="UTF-8"?>
<!-- Generated by org.testng.reporters.JUnitReportReporter -->
<testsuite hostname="DESKTOP-73G0TGN" failures="0" tests="2" name="testng.LoginTestCase" time="41.294" errors="0" timestamp="2023-08-24T21:34:21 IST" skipped="0">
  <testcase classname="testng.LoginTestCase" name="testCaseSecond" time="21.910"/>
  <testcase classname="testng.LoginTestCase" name="testCase" time="19.384"/>
</testsuite> <!-- testng.LoginTestCase -->
